1684572713522:help
1684572716090:exit
1684572737958:help
1684572742207:clear
1684576776958:help
1684576782386:devtool -h
1684576788643:devtool Amit
1684576792357:devtool
1684576804091:devtool --arg Amit
1684578634054:help
1684578640161:devtool --help
1684578787680:help
1684578791707:devtool help
1684578802676:devtool --help
1684578819491:devtool -h
1684578839530:devtool -a
1684578847670:devtool --help
1684578857769:devtool -a Amit
1684584891640:help
1684584901816:connect
1684584908830:connect -t dev
1684585070586:rebuild
1684585074831:connect
1684585081803:rebuild
1684585087076:connect -t sit
1684585092800:rebuild
1684585105491:rebuild -b this is my bom
1684585132266:rebuild
1684585230824:exit
1685174961383:help
1685174990332:connect
1685174994448:connect -t dev
1685174998681:help
1685175001096:clear
1685175010150:help
1685175013032:rebuild
1685175025056:rebuild -b bom-path.bom
1685193098829:exit
